<?xml version="1.0" encoding="UTF-8"?>
<testsuite xmlns:xsi="http://www.w3.org/2001/XMLSchema-instance" xsi:noNamespaceSchemaLocation="https://maven.apache.org/surefire/maven-surefire-plugin/xsd/surefire-test-report.xsd" name="cz.spi.docgen.AppTest" time="0.022" tests="1" errors="0" skipped="0" failures="0">
  <properties>
    <property name="sun.desktop" value="windows"/>
    <property name="awt.toolkit" value="sun.awt.windows.WToolkit"/>
    <property name="file.encoding.pkg" value="sun.io"/>
    <property name="java.specification.version" value="1.8"/>
    <property name="sun.cpu.isalist" value="amd64"/>
    <property name="sun.jnu.encoding" value="Cp1250"/>
    <property name="java.class.path" value="c:\Git\docgen\generator\target\test-classes;c:\Git\docgen\generator\target\classes;C:\Users\spi\.m2\repository\junit\junit\4.11\junit-4.11.jar;C:\Users\spi\.m2\repository\org\hamcrest\hamcrest-core\1.3\hamcrest-core-1.3.jar;"/>
    <property name="java.vm.vendor" value="Oracle Corporation"/>
    <property name="sun.arch.data.model" value="64"/>
    <property name="user.variant" value=""/>
    <property name="java.vendor.url" value="http://java.oracle.com/"/>
    <property name="user.timezone" value="Europe/Prague"/>
    <property name="java.vm.specification.version" value="1.8"/>
    <property name="os.name" value="Windows 10"/>
    <property name="user.country" value="CZ"/>
    <property name="sun.java.launcher" value="SUN_STANDARD"/>
    <property name="sun.boot.library.path" value="C:\DevTools\JDK\jdk1.8.0_231-windows-x64\jre\bin"/>
    <property name="sun.java.command" value="C:\Users\spi\AppData\Local\Temp\surefire483212849290214049\surefirebooter276626463333250248.jar C:\Users\spi\AppData\Local\Temp\surefire483212849290214049 2021-02-07T19-33-45_653-jvmRun1 surefire4226910958724683970tmp surefire_04194404719742443897tmp"/>
    <property name="surefire.test.class.path" value="c:\Git\docgen\generator\target\test-classes;c:\Git\docgen\generator\target\classes;C:\Users\spi\.m2\repository\junit\junit\4.11\junit-4.11.jar;C:\Users\spi\.m2\repository\org\hamcrest\hamcrest-core\1.3\hamcrest-core-1.3.jar;"/>
    <property name="sun.cpu.endian" value="little"/>
    <property name="user.home" value="C:\Users\spi"/>
    <property name="user.language" value="cs"/>
    <property name="java.specification.vendor" value="Oracle Corporation"/>
    <property name="java.home" value="C:\DevTools\JDK\jdk1.8.0_231-windows-x64\jre"/>
    <property name="basedir" value="c:\Git\docgen\generator"/>
    <property name="file.separator" value="\"/>
    <property name="line.separator" value="&#10;"/>
    <property name="java.vm.specification.vendor" value="Oracle Corporation"/>
    <property name="java.specification.name" value="Java Platform API Specification"/>
    <property name="java.awt.graphicsenv" value="sun.awt.Win32GraphicsEnvironment"/>
    <property name="surefire.real.class.path" value="C:\Users\spi\AppData\Local\Temp\surefire483212849290214049\surefirebooter276626463333250248.jar"/>
    <property name="sun.boot.class.path" value="C:\DevTools\JDK\jdk1.8.0_231-windows-x64\jre\lib\resources.jar;C:\DevTools\JDK\jdk1.8.0_231-windows-x64\jre\lib\rt.jar;C:\DevTools\JDK\jdk1.8.0_231-windows-x64\jre\lib\sunrsasign.jar;C:\DevTools\JDK\jdk1.8.0_231-windows-x64\jre\lib\jsse.jar;C:\DevTools\JDK\jdk1.8.0_231-windows-x64\jre\lib\jce.jar;C:\DevTools\JDK\jdk1.8.0_231-windows-x64\jre\lib\charsets.jar;C:\DevTools\JDK\jdk1.8.0_231-windows-x64\jre\lib\jfr.jar;C:\DevTools\JDK\jdk1.8.0_231-windows-x64\jre\classes"/>
    <property name="user.script" value=""/>
    <property name="sun.management.compiler" value="HotSpot 64-Bit Tiered Compilers"/>
    <property name="java.runtime.version" value="1.8.0_231-b11"/>
    <property name="user.name" value="SPI"/>
    <property name="path.separator" value=";"/>
    <property name="os.version" value="10.0"/>
    <property name="java.endorsed.dirs" value="C:\DevTools\JDK\jdk1.8.0_231-windows-x64\jre\lib\endorsed"/>
    <property name="java.runtime.name" value="Java(TM) SE Runtime Environment"/>
    <property name="file.encoding" value="Cp1250"/>
    <property name="java.vm.name" value="Java HotSpot(TM) 64-Bit Server VM"/>
    <property name="localRepository" value="C:\Users\spi\.m2\repository"/>
    <property name="java.vendor.url.bug" value="http://bugreport.sun.com/bugreport/"/>
    <property name="java.io.tmpdir" value="C:\Users\spi\AppData\Local\Temp\"/>
    <property name="java.version" value="1.8.0_231"/>
    <property name="user.dir" value="c:\Git\docgen\generator"/>
    <property name="os.arch" value="amd64"/>
    <property name="java.vm.specification.name" value="Java Virtual Machine Specification"/>
    <property name="java.awt.printerjob" value="sun.awt.windows.WPrinterJob"/>
    <property name="sun.os.patch.level" value=""/>
    <property name="java.library.path" value="C:\DevTools\JDK\jdk1.8.0_231-windows-x64\jre\bin;C:\Windows\Sun\Java\bin;C:\Windows\system32;C:\Windows;C:\DevTools\JDK\jdk1.8.0_231-windows-x64\bin;c:\oh\cli12c32\bin;C:\oh\cli12cr264\bin;c:\oh\cli10g\bin;c:\oh\des6i\bin;c:\oh\dev6i\bin;h:\developer\com;h:\apld60\com;C:\Windows\system32;C:\Windows;C:\Windows\System32\Wbem;C:\Windows\System32\WindowsPowerShell\v1.0\;C:\Windows\System32\OpenSSH\;C:\Program Files\PuTTY\;C:\Program Files\Git\cmd;C:\Program Files\dotnet\;C:\Program Files\Microsoft SQL Server\130\Tools\Binn\;c:\devtools\tools\maven\bin;c:\userdata\utils;C:\Program Files\Microsoft SQL Server\Client SDK\ODBC\170\Tools\Binn\;C:\Program Files (x86)\Calibre2\;C:\Program Files\Docker\Docker\resources\bin;C:\ProgramData\DockerDesktop\version-bin;C:\Program Files\WSO2\Enterprise Integrator\7.0.2\micro-integrator\\bin;C:\Program Files\WSO2\Enterprise Integrator\7.0.2\streaming-integrator\\bin;C:\Program Files\WSO2\Enterprise Integrator\6.6.0\bin\..\bin;C:\Program Files\WSO2\API Manager\3.1.0\bin\..\bin;C:\Program Files\SafeNet\Authentication\SAC\x64;C:\Program Files\SafeNet\Authentication\SAC\x32;%NVM_HOME%;%NVM_SYMLINK%;C:\Users\spi\.windows-build-tools\python27\;C:\Users\spi\AppData\Local\Microsoft\WindowsApps;C:\Users\spi\AppData\Roaming\nvm;C:\Program Files\nodejs;."/>
    <property name="java.vm.info" value="mixed mode"/>
    <property name="java.vendor" value="Oracle Corporation"/>
    <property name="java.vm.version" value="25.231-b11"/>
    <property name="java.ext.dirs" value="C:\DevTools\JDK\jdk1.8.0_231-windows-x64\jre\lib\ext;C:\Windows\Sun\Java\lib\ext"/>
    <property name="sun.io.unicode.encoding" value="UnicodeLittle"/>
    <property name="java.class.version" value="52.0"/>
  </properties>
  <testcase name="shouldAnswerWithTrue" classname="cz.spi.docgen.AppTest" time="0.001"/>
</testsuite>